11:03:47 **** Incremental Build of configuration Debug for project fudge ****
Info: Internal Builder is used for build
gcc -O0 -g3 -Wall -c -fmessage-length=0 -o "src\\stack.o" "..\\src\\stack.c" 
..\src\stack.c:6:6: error: expected '=', ',', ';', 'asm' or '__attribute__' before ':' token
 Stack::Stack(int sz) {
      ^
..\src\stack.c:14:6: error: expected '=', ',', ';', 'asm' or '__attribute__' before ':' token
 Stack::~Stack() {
      ^
..\src\stack.c:18:11: error: expected '=', ',', ';', 'asm' or '__attribute__' before ':' token
 void Stack::TestFill() {
           ^
..\src\stack.c:24:11: error: expected '=', ',', ';', 'asm' or '__attribute__' before ':' token
 void Stack::Push(int value) {
           ^
..\src\stack.c:31:1: error: unknown type name 'bool'
 bool Stack::Full() {
 ^
..\src\stack.c:31:11: error: expected '=', ',', ';', 'asm' or '__attribute__' before ':' token
 bool Stack::Full() {
           ^
..\src\stack.c:35:11: error: expected '=', ',', ';', 'asm' or '__attribute__' before ':' token
 void Stack::Print() {
           ^
..\src\stack.c: In function 'test':
..\src\stack.c:44:2: error: unknown type name 'Stack'
  Stack s1(17);
  ^
..\src\stack.c:44:11: error: expected declaration specifiers or '...' before numeric constant
  Stack s1(17);
           ^
..\src\stack.c:45:2: error: unknown type name 'Stack'
  Stack* s2 = new Stack(23);
  ^
..\src\stack.c:45:14: error: 'new' undeclared (first use in this function)
  Stack* s2 = new Stack(23);
              ^
..\src\stack.c:45:14: note: each undeclared identifier is reported only once for each function it appears in
..\src\stack.c:45:18: error: expected ',' or ';' before 'Stack'
  Stack* s2 = new Stack(23);
                  ^
..\src\stack.c:45:9: warning: unused variable 's2' [-Wunused-variable]
  Stack* s2 = new Stack(23);
         ^
15:49:14 **** Rebuild of configuration Debug for project Monkeys ****
Info: Internal Builder is used for build
cl /c /EHs /MD /Zi /nologo "/Fosrc\\Monkeys.obj" "..\\src\\Monkeys.cpp" 
Cannot run program "cl": Launching failed

Error: Program "cl" not found in PATH
PATH=[c:\Program Files (x86)\Microsoft Visual Studio 9.0\VC\..\Common7\IDE;c:\Program Files (x86)\Microsoft Visual Studio 9.0\VC\..\Common7\Tools;c:\Program Files (x86)\Microsoft Visual Studio 9.0\VC\Bin;c:\Program Files (x86)\Microsoft Visual Studio 9.0\VC\vcpackages;C:/Program Files/Java/jdk1.8.0_91/bin/../jre/bin/server;C:/Program Files/Java/jdk1.8.0_91/bin/../jre/bin;C:/Program Files/Java/jdk1.8.0_91/bin/../jre/lib/amd64;C:\Program Files (x86)\Common Files\Oracle\Java\javapath;C:\Ruby23-x64\bin;C:\lan\gcc\bin;C:\lan\gcc\libexec\gcc\x86_64-pc-mingw32\5.3.0;C:\ProgramData\Oracle\Java\javapath;c:\Program Files (x86)\Intel\iCLS Client\;c:\Program Files\Intel\iCLS Client\;C:\Windows\system32;C:\Windows;C:\Windows\System32\Wbem;C:\Windows\System32\WindowsPowerShell\v1.0\;C:\Program Files (x86)\ATI Technologies\ATI.ACE\Core-Static;C:\Program Files (x86)\Hewlett-Packard\HP ProtectTools Security Manager\Bin\;c:\Program Files\WIDCOMM\Bluetooth Software\;c:\Program Files\WIDCOMM\Bluetooth Software\syswow64;C:\Program Files\Intel\Intel(R) Management Engine Components\DAL;C:\Program Files\Intel\Intel(R) Management Engine Components\IPT;C:\Program Files (x86)\Intel\Intel(R) Management Engine Components\DAL;C:\Program Files (x86)\Intel\Intel(R) Management Engine Components\IPT;C:\Program Files (x86)\Java\jbox2d-master\;C:\Program Files (x86)\Java\jbox2d-master\jbox2d-library\;C:\Program Files (x86)\Java\jre1.8.0_71;c:\Program Files (x86)\Microsoft SQL Server\100\Tools\Binn\VSShell\Common7\IDE\;c:\Program Files (x86)\Microsoft SQL Server\100\Tools\Binn\;c:\Program Files\Microsoft SQL Server\100\Tools\Binn\;c:\Program Files (x86)\Microsoft SQL Server\100\DTS\Binn\;C:\xampp\php;C:\ProgramData\ComposerSetup\bin;C:\Program Files\Mercurial\;C:\Program Files\TortoiseHg\;C:\Users\sam.PROPER\AppData\Local\Programs\Python\Python35-32;C:\Users\sam.PROPER\AppData\Local\Programs\Python\Python35-32\DLLs;C:\Users\sam.PROPER\AppData\Local\Programs\Python\Python35-32\Lib;C:\Users\sam.PROPER\AppData\Local\Programs\Python\Python35-32\Scripts;C:\Users\sam.PROPER\AppData\Local\Programs\Python\Python35-32\Lib\site-packages;C:\Program Files\VisualSVN Server\bin;C:\Program Files\TortoiseSVN\bin;C:\Program Files\Git\cmd;C:\Program Files\SQL Anywhere 17\bin64;C:\Program Files\SQL Anywhere 17\bin32;C:\Program Files\SQL Anywhere 11\bin64;C:\Program Files\SQL Anywhere 11\bin32;C:\Program Files (x86)\AMD\ATI.ACE\Core-Static;C:\Program Files (x86)\WinSCP\;C:\Program Files\PuTTY\;C:\Users\sam.PROPER\AppData\Local\Programs\Python\Python35-32\Scripts\;C:\Users\sam.PROPER\AppData\Local\Programs\Python\Python35-32\;C:\Users\sam.PROPER\AppData\Roaming\Composer\vendor\bin;C:\Users\sam.PROPER\AppData\Local\GitHubDesktop\bin;C:\Users\sam.PROPER\AppData\Roaming\Microsoft\Internet Explorer\Quick Launch\User Pinned\StartMenu]

15:49:14 **** Rebuild of configuration Debug for project fudge ****
Info: Internal Builder is used for build
gcc -O0 -g3 -Wall -c -fmessage-length=0 -o "src\\stack.o" "..\\src\\stack.c" 
In file included from ..\src\stack.c:3:0:
..\src\stack.h:1:20: fatal error: iostream: No such file or directory
compilation terminated.
15:49:46 **** Clean-only build of configuration Debug for project Monkeys ****
del src/Monkeys.obj Monkeys.exe 
Cannot run program "del": Launching failed

Error: Program "del" not found in PATH
PATH=[c:\Program Files (x86)\Microsoft Visual Studio 9.0\VC\..\Common7\IDE;c:\Program Files (x86)\Microsoft Visual Studio 9.0\VC\..\Common7\Tools;c:\Program Files (x86)\Microsoft Visual Studio 9.0\VC\Bin;c:\Program Files (x86)\Microsoft Visual Studio 9.0\VC\vcpackages;C:/Program Files/Java/jdk1.8.0_91/bin/../jre/bin/server;C:/Program Files/Java/jdk1.8.0_91/bin/../jre/bin;C:/Program Files/Java/jdk1.8.0_91/bin/../jre/lib/amd64;C:\Program Files (x86)\Common Files\Oracle\Java\javapath;C:\Ruby23-x64\bin;C:\lan\gcc\bin;C:\lan\gcc\libexec\gcc\x86_64-pc-mingw32\5.3.0;C:\ProgramData\Oracle\Java\javapath;c:\Program Files (x86)\Intel\iCLS Client\;c:\Program Files\Intel\iCLS Client\;C:\Windows\system32;C:\Windows;C:\Windows\System32\Wbem;C:\Windows\System32\WindowsPowerShell\v1.0\;C:\Program Files (x86)\ATI Technologies\ATI.ACE\Core-Static;C:\Program Files (x86)\Hewlett-Packard\HP ProtectTools Security Manager\Bin\;c:\Program Files\WIDCOMM\Bluetooth Software\;c:\Program Files\WIDCOMM\Bluetooth Software\syswow64;C:\Program Files\Intel\Intel(R) Management Engine Components\DAL;C:\Program Files\Intel\Intel(R) Management Engine Components\IPT;C:\Program Files (x86)\Intel\Intel(R) Management Engine Components\DAL;C:\Program Files (x86)\Intel\Intel(R) Management Engine Components\IPT;C:\Program Files (x86)\Java\jbox2d-master\;C:\Program Files (x86)\Java\jbox2d-master\jbox2d-library\;C:\Program Files (x86)\Java\jre1.8.0_71;c:\Program Files (x86)\Microsoft SQL Server\100\Tools\Binn\VSShell\Common7\IDE\;c:\Program Files (x86)\Microsoft SQL Server\100\Tools\Binn\;c:\Program Files\Microsoft SQL Server\100\Tools\Binn\;c:\Program Files (x86)\Microsoft SQL Server\100\DTS\Binn\;C:\xampp\php;C:\ProgramData\ComposerSetup\bin;C:\Program Files\Mercurial\;C:\Program Files\TortoiseHg\;C:\Users\sam.PROPER\AppData\Local\Programs\Python\Python35-32;C:\Users\sam.PROPER\AppData\Local\Programs\Python\Python35-32\DLLs;C:\Users\sam.PROPER\AppData\Local\Programs\Python\Python35-32\Lib;C:\Users\sam.PROPER\AppData\Local\Programs\Python\Python35-32\Scripts;C:\Users\sam.PROPER\AppData\Local\Programs\Python\Python35-32\Lib\site-packages;C:\Program Files\VisualSVN Server\bin;C:\Program Files\TortoiseSVN\bin;C:\Program Files\Git\cmd;C:\Program Files\SQL Anywhere 17\bin64;C:\Program Files\SQL Anywhere 17\bin32;C:\Program Files\SQL Anywhere 11\bin64;C:\Program Files\SQL Anywhere 11\bin32;C:\Program Files (x86)\AMD\ATI.ACE\Core-Static;C:\Program Files (x86)\WinSCP\;C:\Program Files\PuTTY\;C:\Users\sam.PROPER\AppData\Local\Programs\Python\Python35-32\Scripts\;C:\Users\sam.PROPER\AppData\Local\Programs\Python\Python35-32\;C:\Users\sam.PROPER\AppData\Roaming\Composer\vendor\bin;C:\Users\sam.PROPER\AppData\Local\GitHubDesktop\bin;C:\Users\sam.PROPER\AppData\Roaming\Microsoft\Internet Explorer\Quick Launch\User Pinned\StartMenu]

15:49:46 **** Clean-only build of configuration Debug for project Monkeys ****
15:49:46 **** Clean-only build of configuration Debug for project fudge ****
rm -rf src/fudge.d src/stack.o fudge.exe src/stack.d src/fudge.o 
Cannot run program "rm": Launching failed

Error: Program "rm" not found in PATH
PATH=[C:\lan\gcc\bin;\bin;C:/Program Files/Java/jdk1.8.0_91/bin/../jre/bin/server;C:/Program Files/Java/jdk1.8.0_91/bin/../jre/bin;C:/Program Files/Java/jdk1.8.0_91/bin/../jre/lib/amd64;C:\Program Files (x86)\Common Files\Oracle\Java\javapath;C:\Ruby23-x64\bin;C:\lan\gcc\bin;C:\lan\gcc\libexec\gcc\x86_64-pc-mingw32\5.3.0;C:\ProgramData\Oracle\Java\javapath;c:\Program Files (x86)\Intel\iCLS Client\;c:\Program Files\Intel\iCLS Client\;C:\Windows\system32;C:\Windows;C:\Windows\System32\Wbem;C:\Windows\System32\WindowsPowerShell\v1.0\;C:\Program Files (x86)\ATI Technologies\ATI.ACE\Core-Static;C:\Program Files (x86)\Hewlett-Packard\HP ProtectTools Security Manager\Bin\;c:\Program Files\WIDCOMM\Bluetooth Software\;c:\Program Files\WIDCOMM\Bluetooth Software\syswow64;C:\Program Files\Intel\Intel(R) Management Engine Components\DAL;C:\Program Files\Intel\Intel(R) Management Engine Components\IPT;C:\Program Files (x86)\Intel\Intel(R) Management Engine Components\DAL;C:\Program Files (x86)\Intel\Intel(R) Management Engine Components\IPT;C:\Program Files (x86)\Java\jbox2d-master\;C:\Program Files (x86)\Java\jbox2d-master\jbox2d-library\;C:\Program Files (x86)\Java\jre1.8.0_71;c:\Program Files (x86)\Microsoft SQL Server\100\Tools\Binn\VSShell\Common7\IDE\;c:\Program Files (x86)\Microsoft SQL Server\100\Tools\Binn\;c:\Program Files\Microsoft SQL Server\100\Tools\Binn\;c:\Program Files (x86)\Microsoft SQL Server\100\DTS\Binn\;C:\xampp\php;C:\ProgramData\ComposerSetup\bin;C:\Program Files\Mercurial\;C:\Program Files\TortoiseHg\;C:\Users\sam.PROPER\AppData\Local\Programs\Python\Python35-32;C:\Users\sam.PROPER\AppData\Local\Programs\Python\Python35-32\DLLs;C:\Users\sam.PROPER\AppData\Local\Programs\Python\Python35-32\Lib;C:\Users\sam.PROPER\AppData\Local\Programs\Python\Python35-32\Scripts;C:\Users\sam.PROPER\AppData\Local\Programs\Python\Python35-32\Lib\site-packages;C:\Program Files\VisualSVN Server\bin;C:\Program Files\TortoiseSVN\bin;C:\Program Files\Git\cmd;C:\Program Files\SQL Anywhere 17\bin64;C:\Program Files\SQL Anywhere 17\bin32;C:\Program Files\SQL Anywhere 11\bin64;C:\Program Files\SQL Anywhere 11\bin32;C:\Program Files (x86)\AMD\ATI.ACE\Core-Static;C:\Program Files (x86)\WinSCP\;C:\Program Files\PuTTY\;C:\Users\sam.PROPER\AppData\Local\Programs\Python\Python35-32\Scripts\;C:\Users\sam.PROPER\AppData\Local\Programs\Python\Python35-32\;C:\Users\sam.PROPER\AppData\Roaming\Composer\vendor\bin;C:\Users\sam.PROPER\AppData\Local\GitHubDesktop\bin;C:\Users\sam.PROPER\AppData\Roaming\Microsoft\Internet Explorer\Quick Launch\User Pinned\StartMenu]

15:49:46 **** Clean-only build of configuration Debug for project fudge ****
